<?xml version="1.0" encoding="UTF-8"?>
<!-- Generated by org.testng.reporters.JUnitXMLReporter -->
<testsuite ignored="0" hostname="LTIN574858" failures="0" tests="5" name="Default test" time="57.377" errors="0" timestamp="2025-01-27T17:32:36 IST">
  <testcase classname="com.cts.tests.Tests" name="testCloseNotificationBanner" time="11.143"/>
  <testcase classname="com.cts.tests.Tests" name="testSearchIconVisibility" time="0.074"/>
  <testcase classname="com.cts.tests.Tests" name="testSearchFunctionality" time="9.836"/>
  <testcase classname="com.cts.tests.Tests" name="testNavigationToBookNow" time="15.553"/>
  <testcase classname="com.cts.tests.Tests" name="testDateFilterButton" time="0.987"/>
</testsuite> <!-- Default test -->
